<?xml version="1.0" encoding="UTF-8"?>
<!-- Generated by org.testng.reporters.JUnitReportReporter -->
<testsuite hostname="LAPTOP-MDVV23RL" failures="0" tests="1" name="com.tms.signuptest.SignupClass" time="4.020" errors="0" timestamp="2022-11-09T12:37:58 IST" skipped="0">
  <testcase classname="com.tms.signuptest.SignupClass" name="details" time="4.020"/>
  <system-out/>
</testsuite> <!-- com.tms.signuptest.SignupClass -->
