<?xml version="1.0" encoding="UTF-8"?>
<!-- Generated by org.testng.reporters.JUnitReportReporter -->
<testsuite hostname="TheDarkNet5510" failures="0" tests="3" name="com.tms.scripts.TrainerProfile" time="11.958" errors="0" timestamp="2022-11-05T12:46:15 IST" skipped="0">
  <testcase classname="com.tms.scripts.TrainerProfile" name="validLogin" time="3.804"/>
  <system-out/>
  <testcase classname="com.tms.scripts.TrainerProfile" name="TrainerProfileInfo" time="0.495"/>
  <system-out/>
  <testcase classname="com.tms.scripts.TrainerProfile" name="putDetails" time="7.659"/>
  <system-out/>
</testsuite> <!-- com.tms.scripts.TrainerProfile -->
