<?xml version="1.0" encoding="UTF-8"?>
<!-- Generated by org.testng.reporters.JUnitReportReporter -->
<testsuite hostname="TheDarkNet5510" failures="0" tests="1" name="com.tms.scripts.TestClass" time="2.992" errors="0" timestamp="2022-11-03T09:54:48 IST" skipped="0">
  <testcase classname="com.tms.scripts.TestClass" name="invalidEmailPass" time="2.992"/>
  <system-out/>
</testsuite> <!-- com.tms.scripts.TestClass -->
