<?xml version="1.0" encoding="UTF-8"?>
<!-- Generated by org.testng.reporters.JUnitReportReporter -->
<testsuite hostname="TheDarkNet5510" failures="0" tests="4" name="com.tms.scripts.TrainerLoginClass" time="8.457" errors="0" timestamp="2022-11-05T11:40:28 IST" skipped="3">
  <testcase classname="com.tms.scripts.TrainerLoginClass" name="validLogin" time="8.457"/>
  <system-out/>
  <testcase classname="com.tms.scripts.TrainerLoginClass" name="invalidEmailPass">
    <skipped/>
  </testcase> <!-- invalidEmailPass -->
  <system-out/>
  <testcase classname="com.tms.scripts.TrainerLoginClass" name="invalidEmail">
    <skipped/>
  </testcase> <!-- invalidEmail -->
  <system-out/>
  <testcase classname="com.tms.scripts.TrainerLoginClass" name="invalidPass">
    <skipped/>
  </testcase> <!-- invalidPass -->
  <system-out/>
</testsuite> <!-- com.tms.scripts.TrainerLoginClass -->
