<?xml version="1.0" encoding="UTF-8"?>
<!-- Generated by org.testng.reporters.JUnitReportReporter -->
<testsuite hostname="TheDarkNet5510" failures="0" tests="4" name="com.tms.scripts.TrainerLoginClass" time="5.271" errors="0" timestamp="2022-11-05T17:06:18 IST" skipped="2">
  <testcase classname="com.tms.scripts.TrainerLoginClass" name="invalidEmailPass" time="3.662"/>
  <system-out/>
  <testcase classname="com.tms.scripts.TrainerLoginClass" name="validLogin" time="1.609"/>
  <system-out/>
  <testcase classname="com.tms.scripts.TrainerLoginClass" name="invalidEmail">
    <skipped/>
  </testcase> <!-- invalidEmail -->
  <system-out/>
  <testcase classname="com.tms.scripts.TrainerLoginClass" name="invalidPass">
    <skipped/>
  </testcase> <!-- invalidPass -->
  <system-out/>
</testsuite> <!-- com.tms.scripts.TrainerLoginClass -->
