<?xml version="1.0" encoding="UTF-8"?>
<!-- Generated by org.testng.reporters.JUnitReportReporter -->
<testsuite hostname="TheDarkNet5510" failures="0" tests="1" name="com.tms.scripts.SignupTest" time="1.691" errors="0" timestamp="2022-11-08T21:18:47 IST" skipped="0">
  <testcase classname="com.tms.scripts.SignupTest" name="Signup" time="1.691"/>
  <system-out/>
</testsuite> <!-- com.tms.scripts.SignupTest -->
