<?xml version="1.0" encoding="UTF-8"?>
<!-- Generated by org.testng.reporters.JUnitReportReporter -->
<testsuite hostname="TheDarkNet5510" failures="0" tests="3" name="com.tms.scripts.TrainerProfile" time="12.602" errors="0" timestamp="2022-11-05T17:02:32 IST" skipped="0">
  <testcase classname="com.tms.scripts.TrainerProfile" name="validLogin" time="4.524"/>
  <system-out/>
  <testcase classname="com.tms.scripts.TrainerProfile" name="TrainerProfileInfo" time="0.572"/>
  <system-out/>
  <testcase classname="com.tms.scripts.TrainerProfile" name="putDetails" time="7.506"/>
  <system-out/>
</testsuite> <!-- com.tms.scripts.TrainerProfile -->
