<?xml version="1.0" encoding="UTF-8"?>
<!-- Generated by org.testng.reporters.JUnitReportReporter -->
<testsuite hostname="TheDarkNet5510" failures="0" tests="4" name="com.tms.scripts.TestClass" time="8.247" errors="0" timestamp="2022-11-03T12:18:14 IST" skipped="3">
  <testcase classname="com.tms.scripts.TestClass" name="validLogin" time="8.247"/>
  <system-out/>
  <testcase classname="com.tms.scripts.TestClass" name="invalidEmail">
    <skipped/>
  </testcase> <!-- invalidEmail -->
  <system-out/>
  <testcase classname="com.tms.scripts.TestClass" name="invalidEmailPass">
    <skipped/>
  </testcase> <!-- invalidEmailPass -->
  <system-out/>
  <testcase classname="com.tms.scripts.TestClass" name="invalidPass">
    <skipped/>
  </testcase> <!-- invalidPass -->
  <system-out/>
</testsuite> <!-- com.tms.scripts.TestClass -->
