<?xml version="1.0" encoding="UTF-8"?>
<!-- Generated by org.testng.reporters.JUnitReportReporter -->
<testsuite hostname="server" failures="0" tests="1" name="com.tms.signuptest.SignupClass" time="2.490" errors="0" timestamp="2022-11-11T15:46:54 IST" skipped="0">
  <testcase classname="com.tms.signuptest.SignupClass" name="details" time="2.490"/>
  <system-out/>
</testsuite> <!-- com.tms.signuptest.SignupClass -->
