<?xml version="1.0" encoding="UTF-8"?>
<!-- Generated by org.testng.reporters.JUnitReportReporter -->
<testsuite hostname="TheDarkNet5510" failures="0" tests="4" name="com.tms.scripts.TrainerAlloaction" time="18.448" errors="0" timestamp="2022-11-08T11:37:50 IST" skipped="0">
  <testcase classname="com.tms.scripts.TrainerAlloaction" name="validLogin" time="4.512"/>
  <system-out/>
  <testcase classname="com.tms.scripts.TrainerAlloaction" name="TrainerProfileInfo" time="1.118"/>
  <system-out/>
  <testcase classname="com.tms.scripts.TrainerAlloaction" name="putDetails" time="12.722"/>
  <system-out/>
  <testcase classname="com.tms.scripts.TrainerAlloaction" name="allocCheck" time="0.096"/>
  <system-out/>
</testsuite> <!-- com.tms.scripts.TrainerAlloaction -->
